{"uid":"74753c203eb15783","name":"successRegistrationTest()","fullName":"FillFormTestWithFakeData.successRegistrationTest","historyId":"d8d0175715814646b4d33a48a232a2fb","time":{"start":1717584213069,"stop":1717584236916,"duration":23847},"description":"","status":"failed","statusMessage":"Invalid element state [#stateCity-wrapper/by text: Haryana]: element click intercepted: Element <div class=\" css-yt9ioa-option\" id=\"react-select-3-option-2\" tabindex=\"-1\">...</div> is not clickable at point (870, 923). Other element would receive the click: <iframe id=\"google_ads_iframe_/21849154601,22343295815/Ad.Plus-300x250_1\" name=\"google_ads_iframe_/21849154601,22343295815/Ad.Plus-300x250_1\" title=\"3rd party ad content\" width=\"1005\" height=\"124\" scrolling=\"no\" marginwidth=\"0\" marginheight=\"0\" frameborder=\"0\" aria-label=\"Advertisement\" tabindex=\"0\" data-load-complete=\"true\" data-google-container-id=\"6\" style=\"border: 0px; vertical-align: bottom; max-height: 30vh !important; overflow: hidden !important; display: block; margin: 0px auto;\"></iframe>\nScreenshot: file:/home/runner/work/qa_guru_HW3.3/qa_guru_HW3.3/build/reports/tests/1717584232986.1.png\nPage source: file:/home/runner/work/qa_guru_HW3.3/qa_guru_HW3.3/build/reports/tests/1717584232986.1.html\nTimeout: 4 s.\nCaused by: ElementClickInterceptedException: element click intercepted: Element <div class=\" css-yt9ioa-option\" id=\"react-select-3-option-2\" tabindex=\"-1\">...</div> is not clickable at point (870, 923). Other element would receive the click: <iframe id=\"google_ads_iframe_/21849154601,22343295815/Ad.Plus-300x250_1\" name=\"google_ads_iframe_/21849154601,22343295815/Ad.Plus-300x250_1\" title=\"3rd party ad content\" width=\"1005\" height=\"124\" scrolling=\"no\" marginwidth=\"0\" marginheight=\"0\" frameborder=\"0\" aria-label=\"Advertisement\" tabindex=\"0\" data-load-complete=\"true\" data-google-container-id=\"6\" style=\"border: 0px; vertical-align: bottom; max-height: 30vh !important; overflow: hidden !important; display: block; margin: 0px auto;\"></iframe>","statusTrace":"Invalid element state [#stateCity-wrapper/by text: Haryana]: element click intercepted: Element <div class=\" css-yt9ioa-option\" id=\"react-select-3-option-2\" tabindex=\"-1\">...</div> is not clickable at point (870, 923). Other element would receive the click: <iframe id=\"google_ads_iframe_/21849154601,22343295815/Ad.Plus-300x250_1\" name=\"google_ads_iframe_/21849154601,22343295815/Ad.Plus-300x250_1\" title=\"3rd party ad content\" width=\"1005\" height=\"124\" scrolling=\"no\" marginwidth=\"0\" marginheight=\"0\" frameborder=\"0\" aria-label=\"Advertisement\" tabindex=\"0\" data-load-complete=\"true\" data-google-container-id=\"6\" style=\"border: 0px; vertical-align: bottom; max-height: 30vh !important; overflow: hidden !important; display: block; margin: 0px auto;\"></iframe>\nScreenshot: file:/home/runner/work/qa_guru_HW3.3/qa_guru_HW3.3/build/reports/tests/1717584232986.1.png\nPage source: file:/home/runner/work/qa_guru_HW3.3/qa_guru_HW3.3/build/reports/tests/1717584232986.1.html\nTimeout: 4 s.\nCaused by: ElementClickInterceptedException: element click intercepted: Element <div class=\" css-yt9ioa-option\" id=\"react-select-3-option-2\" tabindex=\"-1\">...</div> is not clickable at point (870, 923). Other element would receive the click: <iframe id=\"google_ads_iframe_/21849154601,22343295815/Ad.Plus-300x250_1\" name=\"google_ads_iframe_/21849154601,22343295815/Ad.Plus-300x250_1\" title=\"3rd party ad content\" width=\"1005\" height=\"124\" scrolling=\"no\" marginwidth=\"0\" marginheight=\"0\" frameborder=\"0\" aria-label=\"Advertisement\" tabindex=\"0\" data-load-complete=\"true\" data-google-container-id=\"6\" style=\"border: 0px; vertical-align: bottom; max-height: 30vh !important; overflow: hidden !important; display: block; margin: 0px auto;\"></iframe>\n\tat com.codeborne.selenide.impl.ExceptionWrapper.wrap(ExceptionWrapper.java:26)\n\tat com.codeborne.selenide.impl.SelenideElementProxy.dispatchAndRetry(SelenideElementProxy.java:156)\n\tat com.codeborne.selenide.impl.SelenideElementProxy.invoke(SelenideElementProxy.java:86)\n\tat jdk.proxy3/jdk.proxy3.$Proxy19.click(Unknown Source)\n\tat pages.RegistrationPage.setState(RegistrationPage.java:87)\n\tat FillFormTestWithFakeData.successRegistrationTest(FillFormTestWithFakeData.java:50)\n\tat java.base/java.lang.reflect.Method.invoke(Method.java:568)\n\tat java.base/java.util.ArrayList.forEach(ArrayList.java:1511)\n\tat java.base/java.util.ArrayList.forEach(ArrayList.java:1511)\nCaused by: org.openqa.selenium.ElementClickInterceptedException: element click intercepted: Element <div class=\" css-yt9ioa-option\" id=\"react-select-3-option-2\" tabindex=\"-1\">...</div> is not clickable at point (870, 923). Other element would receive the click: <iframe id=\"google_ads_iframe_/21849154601,22343295815/Ad.Plus-300x250_1\" name=\"google_ads_iframe_/21849154601,22343295815/Ad.Plus-300x250_1\" title=\"3rd party ad content\" width=\"1005\" height=\"124\" scrolling=\"no\" marginwidth=\"0\" marginheight=\"0\" frameborder=\"0\" aria-label=\"Advertisement\" tabindex=\"0\" data-load-complete=\"true\" data-google-container-id=\"6\" style=\"border: 0px; vertical-align: bottom; max-height: 30vh !important; overflow: hidden !important; display: block; margin: 0px auto;\"></iframe>\n  (Session info: chrome=100.0.4896.60)\nBuild info: version: '4.21.0', revision: '79ed462ef4'\nSystem info: os.name: 'Linux', os.arch: 'amd64', os.version: '6.5.0-1021-azure', java.version: '17.0.11'\nDriver info: org.openqa.selenium.remote.RemoteWebDriver\nCommand: [c80c99479cffd98a78fa4f3a57d6816f, clickElement {id=6904113d-cdbd-43f8-a090-7bbda721d61b}]\nCapabilities {acceptInsecureCerts: true, browserName: chrome, browserVersion: 100.0.4896.60, chrome: {chromedriverVersion: 100.0.4896.20 (f9d71f93d32a..., userDataDir: /tmp/.com.google.Chrome.q2GUWP}, goog:chromeOptions: {debuggerAddress: localhost:32773}, networkConnectionEnabled: false, pageLoadStrategy: normal, platformName: linux, proxy: Proxy(), se:cdp: ws://selenoid.autotests.clo..., setWindowRect: true, strictFileInteractability: false, timeouts: {implicit: 0, pageLoad: 300000, script: 30000}, unhandledPromptBehavior: accept, webauthn:extension:credBlob: true, webauthn:extension:largeBlob: true, webauthn:virtualAuthenticators: true}\nElement: [[[[RemoteWebDriver: chrome on linux (c80c99479cffd98a78fa4f3a57d6816f)] -> css selector: #stateCity-wrapper]] -> xpath: .//*/text()[normalize-space(translate(string(.), '\t\n\r ', '    ')) = \"Haryana\"]/parent::*]\nSession ID: c80c99479cffd98a78fa4f3a57d6816f\n\tat java.base/jdk.internal.reflect.NativeConstructorAccessorImpl.newInstance0(Native Method)\n\tat java.base/jdk.internal.reflect.NativeConstructorAccessorImpl.newInstance(NativeConstructorAccessorImpl.java:77)\n\tat java.base/jdk.internal.reflect.DelegatingConstructorAccessorImpl.newInstance(DelegatingConstructorAccessorImpl.java:45)\n\tat java.base/java.lang.reflect.Constructor.newInstanceWithCaller(Constructor.java:499)\n\tat java.base/java.lang.reflect.Constructor.newInstance(Constructor.java:480)\n\tat org.openqa.selenium.remote.ErrorCodec.decode(ErrorCodec.java:167)\n\tat org.openqa.selenium.remote.codec.w3c.W3CHttpResponseCodec.decode(W3CHttpResponseCodec.java:138)\n\tat org.openqa.selenium.remote.codec.w3c.W3CHttpResponseCodec.decode(W3CHttpResponseCodec.java:50)\n\tat org.openqa.selenium.remote.HttpCommandExecutor.execute(HttpCommandExecutor.java:190)\n\tat org.openqa.selenium.remote.RemoteWebDriver.execute(RemoteWebDriver.java:518)\n\tat org.openqa.selenium.remote.RemoteWebElement.execute(RemoteWebElement.java:223)\n\tat org.openqa.selenium.remote.RemoteWebElement.click(RemoteWebElement.java:76)\n\tat com.codeborne.selenide.commands.Click.defaultClick(Click.java:106)\n\tat com.codeborne.selenide.commands.Click.doClick(Click.java:83)\n\tat com.codeborne.selenide.commands.Click.click(Click.java:59)\n\tat com.codeborne.selenide.commands.Click.execute(Click.java:34)\n\tat com.codeborne.selenide.commands.Click.execute(Click.java:26)\n\tat com.codeborne.selenide.commands.Commands.execute(Commands.java:162)\n\tat com.codeborne.selenide.impl.SelenideElementProxy.dispatchAndRetry(SelenideElementProxy.java:134)\n\t... 7 more\n","flaky":true,"newFailed":true,"newBroken":false,"newPassed":false,"retriesCount":0,"retriesStatusChange":false,"beforeStages":[{"name":"beforeAll","time":{"start":1717584212995,"stop":1717584212996,"duration":1},"status":"passed","steps":[],"attachments":[],"parameters":[],"shouldDisplayMessage":false,"stepsCount":0,"attachmentsCount":0,"hasContent":false,"attachmentStep":false},{"name":"addListener","time":{"start":1717584213070,"stop":1717584213070,"duration":0},"status":"passed","steps":[],"attachments":[],"parameters":[],"shouldDisplayMessage":false,"stepsCount":0,"attachmentsCount":0,"hasContent":false,"attachmentStep":false}],"testStage":{"description":"","status":"failed","statusMessage":"Invalid element state [#stateCity-wrapper/by text: Haryana]: element click intercepted: Element <div class=\" css-yt9ioa-option\" id=\"react-select-3-option-2\" tabindex=\"-1\">...</div> is not clickable at point (870, 923). Other element would receive the click: <iframe id=\"google_ads_iframe_/21849154601,22343295815/Ad.Plus-300x250_1\" name=\"google_ads_iframe_/21849154601,22343295815/Ad.Plus-300x250_1\" title=\"3rd party ad content\" width=\"1005\" height=\"124\" scrolling=\"no\" marginwidth=\"0\" marginheight=\"0\" frameborder=\"0\" aria-label=\"Advertisement\" tabindex=\"0\" data-load-complete=\"true\" data-google-container-id=\"6\" style=\"border: 0px; vertical-align: bottom; max-height: 30vh !important; overflow: hidden !important; display: block; margin: 0px auto;\"></iframe>\nScreenshot: file:/home/runner/work/qa_guru_HW3.3/qa_guru_HW3.3/build/reports/tests/1717584232986.1.png\nPage source: file:/home/runner/work/qa_guru_HW3.3/qa_guru_HW3.3/build/reports/tests/1717584232986.1.html\nTimeout: 4 s.\nCaused by: ElementClickInterceptedException: element click intercepted: Element <div class=\" css-yt9ioa-option\" id=\"react-select-3-option-2\" tabindex=\"-1\">...</div> is not clickable at point (870, 923). Other element would receive the click: <iframe id=\"google_ads_iframe_/21849154601,22343295815/Ad.Plus-300x250_1\" name=\"google_ads_iframe_/21849154601,22343295815/Ad.Plus-300x250_1\" title=\"3rd party ad content\" width=\"1005\" height=\"124\" scrolling=\"no\" marginwidth=\"0\" marginheight=\"0\" frameborder=\"0\" aria-label=\"Advertisement\" tabindex=\"0\" data-load-complete=\"true\" data-google-container-id=\"6\" style=\"border: 0px; vertical-align: bottom; max-height: 30vh !important; overflow: hidden !important; display: block; margin: 0px auto;\"></iframe>","statusTrace":"Invalid element state [#stateCity-wrapper/by text: Haryana]: element click intercepted: Element <div class=\" css-yt9ioa-option\" id=\"react-select-3-option-2\" tabindex=\"-1\">...</div> is not clickable at point (870, 923). Other element would receive the click: <iframe id=\"google_ads_iframe_/21849154601,22343295815/Ad.Plus-300x250_1\" name=\"google_ads_iframe_/21849154601,22343295815/Ad.Plus-300x250_1\" title=\"3rd party ad content\" width=\"1005\" height=\"124\" scrolling=\"no\" marginwidth=\"0\" marginheight=\"0\" frameborder=\"0\" aria-label=\"Advertisement\" tabindex=\"0\" data-load-complete=\"true\" data-google-container-id=\"6\" style=\"border: 0px; vertical-align: bottom; max-height: 30vh !important; overflow: hidden !important; display: block; margin: 0px auto;\"></iframe>\nScreenshot: file:/home/runner/work/qa_guru_HW3.3/qa_guru_HW3.3/build/reports/tests/1717584232986.1.png\nPage source: file:/home/runner/work/qa_guru_HW3.3/qa_guru_HW3.3/build/reports/tests/1717584232986.1.html\nTimeout: 4 s.\nCaused by: ElementClickInterceptedException: element click intercepted: Element <div class=\" css-yt9ioa-option\" id=\"react-select-3-option-2\" tabindex=\"-1\">...</div> is not clickable at point (870, 923). Other element would receive the click: <iframe id=\"google_ads_iframe_/21849154601,22343295815/Ad.Plus-300x250_1\" name=\"google_ads_iframe_/21849154601,22343295815/Ad.Plus-300x250_1\" title=\"3rd party ad content\" width=\"1005\" height=\"124\" scrolling=\"no\" marginwidth=\"0\" marginheight=\"0\" frameborder=\"0\" aria-label=\"Advertisement\" tabindex=\"0\" data-load-complete=\"true\" data-google-container-id=\"6\" style=\"border: 0px; vertical-align: bottom; max-height: 30vh !important; overflow: hidden !important; display: block; margin: 0px auto;\"></iframe>\n\tat com.codeborne.selenide.impl.ExceptionWrapper.wrap(ExceptionWrapper.java:26)\n\tat com.codeborne.selenide.impl.SelenideElementProxy.dispatchAndRetry(SelenideElementProxy.java:156)\n\tat com.codeborne.selenide.impl.SelenideElementProxy.invoke(SelenideElementProxy.java:86)\n\tat jdk.proxy3/jdk.proxy3.$Proxy19.click(Unknown Source)\n\tat pages.RegistrationPage.setState(RegistrationPage.java:87)\n\tat FillFormTestWithFakeData.successRegistrationTest(FillFormTestWithFakeData.java:50)\n\tat java.base/java.lang.reflect.Method.invoke(Method.java:568)\n\tat java.base/java.util.ArrayList.forEach(ArrayList.java:1511)\n\tat java.base/java.util.ArrayList.forEach(ArrayList.java:1511)\nCaused by: org.openqa.selenium.ElementClickInterceptedException: element click intercepted: Element <div class=\" css-yt9ioa-option\" id=\"react-select-3-option-2\" tabindex=\"-1\">...</div> is not clickable at point (870, 923). Other element would receive the click: <iframe id=\"google_ads_iframe_/21849154601,22343295815/Ad.Plus-300x250_1\" name=\"google_ads_iframe_/21849154601,22343295815/Ad.Plus-300x250_1\" title=\"3rd party ad content\" width=\"1005\" height=\"124\" scrolling=\"no\" marginwidth=\"0\" marginheight=\"0\" frameborder=\"0\" aria-label=\"Advertisement\" tabindex=\"0\" data-load-complete=\"true\" data-google-container-id=\"6\" style=\"border: 0px; vertical-align: bottom; max-height: 30vh !important; overflow: hidden !important; display: block; margin: 0px auto;\"></iframe>\n  (Session info: chrome=100.0.4896.60)\nBuild info: version: '4.21.0', revision: '79ed462ef4'\nSystem info: os.name: 'Linux', os.arch: 'amd64', os.version: '6.5.0-1021-azure', java.version: '17.0.11'\nDriver info: org.openqa.selenium.remote.RemoteWebDriver\nCommand: [c80c99479cffd98a78fa4f3a57d6816f, clickElement {id=6904113d-cdbd-43f8-a090-7bbda721d61b}]\nCapabilities {acceptInsecureCerts: true, browserName: chrome, browserVersion: 100.0.4896.60, chrome: {chromedriverVersion: 100.0.4896.20 (f9d71f93d32a..., userDataDir: /tmp/.com.google.Chrome.q2GUWP}, goog:chromeOptions: {debuggerAddress: localhost:32773}, networkConnectionEnabled: false, pageLoadStrategy: normal, platformName: linux, proxy: Proxy(), se:cdp: ws://selenoid.autotests.clo..., setWindowRect: true, strictFileInteractability: false, timeouts: {implicit: 0, pageLoad: 300000, script: 30000}, unhandledPromptBehavior: accept, webauthn:extension:credBlob: true, webauthn:extension:largeBlob: true, webauthn:virtualAuthenticators: true}\nElement: [[[[RemoteWebDriver: chrome on linux (c80c99479cffd98a78fa4f3a57d6816f)] -> css selector: #stateCity-wrapper]] -> xpath: .//*/text()[normalize-space(translate(string(.), '\t\n\r ', '    ')) = \"Haryana\"]/parent::*]\nSession ID: c80c99479cffd98a78fa4f3a57d6816f\n\tat java.base/jdk.internal.reflect.NativeConstructorAccessorImpl.newInstance0(Native Method)\n\tat java.base/jdk.internal.reflect.NativeConstructorAccessorImpl.newInstance(NativeConstructorAccessorImpl.java:77)\n\tat java.base/jdk.internal.reflect.DelegatingConstructorAccessorImpl.newInstance(DelegatingConstructorAccessorImpl.java:45)\n\tat java.base/java.lang.reflect.Constructor.newInstanceWithCaller(Constructor.java:499)\n\tat java.base/java.lang.reflect.Constructor.newInstance(Constructor.java:480)\n\tat org.openqa.selenium.remote.ErrorCodec.decode(ErrorCodec.java:167)\n\tat org.openqa.selenium.remote.codec.w3c.W3CHttpResponseCodec.decode(W3CHttpResponseCodec.java:138)\n\tat org.openqa.selenium.remote.codec.w3c.W3CHttpResponseCodec.decode(W3CHttpResponseCodec.java:50)\n\tat org.openqa.selenium.remote.HttpCommandExecutor.execute(HttpCommandExecutor.java:190)\n\tat org.openqa.selenium.remote.RemoteWebDriver.execute(RemoteWebDriver.java:518)\n\tat org.openqa.selenium.remote.RemoteWebElement.execute(RemoteWebElement.java:223)\n\tat org.openqa.selenium.remote.RemoteWebElement.click(RemoteWebElement.java:76)\n\tat com.codeborne.selenide.commands.Click.defaultClick(Click.java:106)\n\tat com.codeborne.selenide.commands.Click.doClick(Click.java:83)\n\tat com.codeborne.selenide.commands.Click.click(Click.java:59)\n\tat com.codeborne.selenide.commands.Click.execute(Click.java:34)\n\tat com.codeborne.selenide.commands.Click.execute(Click.java:26)\n\tat com.codeborne.selenide.commands.Commands.execute(Commands.java:162)\n\tat com.codeborne.selenide.impl.SelenideElementProxy.dispatchAndRetry(SelenideElementProxy.java:134)\n\t... 7 more\n","steps":[{"name":"$(\"open\") https://demoqa.com/automation-practice-form","time":{"start":1717584213070,"stop":1717584214103,"duration":1033},"status":"passed","steps":[{"name":"$(\"open\") https://demoqa.com/automation-practice-form","time":{"start":1717584213070,"stop":1717584214103,"duration":1033},"status":"passed","steps":[],"attachments":[],"parameters":[],"shouldDisplayMessage":false,"stepsCount":0,"attachmentsCount":0,"hasContent":false,"attachmentStep":false}],"attachments":[],"parameters":[],"shouldDisplayMessage":false,"stepsCount":1,"attachmentsCount":0,"hasContent":true,"attachmentStep":false},{"name":"$(\".practice-form-wrapper\") should have(text \"Student Registration Form\")","time":{"start":1717584214103,"stop":1717584214664,"duration":561},"status":"passed","steps":[{"name":"$(\".practice-form-wrapper\") should have(text \"Student Registration Form\")","time":{"start":1717584214103,"stop":1717584214664,"duration":561},"status":"passed","steps":[],"attachments":[],"parameters":[],"shouldDisplayMessage":false,"stepsCount":0,"attachmentsCount":0,"hasContent":false,"attachmentStep":false}],"attachments":[],"parameters":[],"shouldDisplayMessage":false,"stepsCount":1,"attachmentsCount":0,"hasContent":true,"attachmentStep":false},{"name":"$(\"#firstName\") set value(Kum)","time":{"start":1717584215321,"stop":1717584216530,"duration":1209},"status":"passed","steps":[{"name":"$(\"#firstName\") set value(Kum)","time":{"start":1717584215321,"stop":1717584216530,"duration":1209},"status":"passed","steps":[],"attachments":[],"parameters":[],"shouldDisplayMessage":false,"stepsCount":0,"attachmentsCount":0,"hasContent":false,"attachmentStep":false}],"attachments":[],"parameters":[],"shouldDisplayMessage":false,"stepsCount":1,"attachmentsCount":0,"hasContent":true,"attachmentStep":false},{"name":"$(\"#lastName\") set value(Ortiz)","time":{"start":1717584216530,"stop":1717584217600,"duration":1070},"status":"passed","steps":[{"name":"$(\"#lastName\") set value(Ortiz)","time":{"start":1717584216530,"stop":1717584217600,"duration":1070},"status":"passed","steps":[],"attachments":[],"parameters":[],"shouldDisplayMessage":false,"stepsCount":0,"attachmentsCount":0,"hasContent":false,"attachmentStep":false}],"attachments":[],"parameters":[],"shouldDisplayMessage":false,"stepsCount":1,"attachmentsCount":0,"hasContent":true,"attachmentStep":false},{"name":"$(\"#userEmail\") set value(mauricio.stamm@yahoo.com)","time":{"start":1717584217600,"stop":1717584218677,"duration":1077},"status":"passed","steps":[{"name":"$(\"#userEmail\") set value(mauricio.stamm@yahoo.com)","time":{"start":1717584217600,"stop":1717584218677,"duration":1077},"status":"passed","steps":[],"attachments":[],"parameters":[],"shouldDisplayMessage":false,"stepsCount":0,"attachmentsCount":0,"hasContent":false,"attachmentStep":false}],"attachments":[],"parameters":[],"shouldDisplayMessage":false,"stepsCount":1,"attachmentsCount":0,"hasContent":true,"attachmentStep":false},{"name":"$(\"#genterWrapper/by text: Male\") click()","time":{"start":1717584218677,"stop":1717584219570,"duration":893},"status":"passed","steps":[{"name":"$(\"#genterWrapper/by text: Male\") click()","time":{"start":1717584218677,"stop":1717584219570,"duration":893},"status":"passed","steps":[],"attachments":[],"parameters":[],"shouldDisplayMessage":false,"stepsCount":0,"attachmentsCount":0,"hasContent":false,"attachmentStep":false}],"attachments":[],"parameters":[],"shouldDisplayMessage":false,"stepsCount":1,"attachmentsCount":0,"hasContent":true,"attachmentStep":false},{"name":"$(\"#userNumber\") set value(7521810986)","time":{"start":1717584219570,"stop":1717584220622,"duration":1052},"status":"passed","steps":[{"name":"$(\"#userNumber\") set value(7521810986)","time":{"start":1717584219570,"stop":1717584220622,"duration":1052},"status":"passed","steps":[],"attachments":[],"parameters":[],"shouldDisplayMessage":false,"stepsCount":0,"attachmentsCount":0,"hasContent":false,"attachmentStep":false}],"attachments":[],"parameters":[],"shouldDisplayMessage":false,"stepsCount":1,"attachmentsCount":0,"hasContent":true,"attachmentStep":false},{"name":"$(\"#dateOfBirthInput\") click()","time":{"start":1717584220623,"stop":1717584221377,"duration":754},"status":"passed","steps":[{"name":"$(\"#dateOfBirthInput\") click()","time":{"start":1717584220623,"stop":1717584221377,"duration":754},"status":"passed","steps":[],"attachments":[],"parameters":[],"shouldDisplayMessage":false,"stepsCount":0,"attachmentsCount":0,"hasContent":false,"attachmentStep":false}],"attachments":[],"parameters":[],"shouldDisplayMessage":false,"stepsCount":1,"attachmentsCount":0,"hasContent":true,"attachmentStep":false},{"name":"$(\"select.react-datepicker__month-select\") select option containing text(September)","time":{"start":1717584221378,"stop":1717584221734,"duration":356},"status":"passed","steps":[{"name":"$(\"select.react-datepicker__month-select\") select option containing text(September)","time":{"start":1717584221378,"stop":1717584221734,"duration":356},"status":"passed","steps":[],"attachments":[],"parameters":[],"shouldDisplayMessage":false,"stepsCount":0,"attachmentsCount":0,"hasContent":false,"attachmentStep":false}],"attachments":[],"parameters":[],"shouldDisplayMessage":false,"stepsCount":1,"attachmentsCount":0,"hasContent":true,"attachmentStep":false},{"name":"$(\"select.react-datepicker__year-select\") select option by value(2001)","time":{"start":1717584221734,"stop":1717584222085,"duration":351},"status":"passed","steps":[{"name":"$(\"select.react-datepicker__year-select\") select option by value(2001)","time":{"start":1717584221734,"stop":1717584222085,"duration":351},"status":"passed","steps":[],"attachments":[],"parameters":[],"shouldDisplayMessage":false,"stepsCount":0,"attachmentsCount":0,"hasContent":false,"attachmentStep":false}],"attachments":[],"parameters":[],"shouldDisplayMessage":false,"stepsCount":1,"attachmentsCount":0,"hasContent":true,"attachmentStep":false},{"name":"$(\".react-datepicker__day--024:not(.react-datepicker__day--outside-month)\") click()","time":{"start":1717584222085,"stop":1717584222800,"duration":715},"status":"passed","steps":[{"name":"$(\".react-datepicker__day--024:not(.react-datepicker__day--outside-month)\") click()","time":{"start":1717584222085,"stop":1717584222800,"duration":715},"status":"passed","steps":[],"attachments":[],"parameters":[],"shouldDisplayMessage":false,"stepsCount":0,"attachmentsCount":0,"hasContent":false,"attachmentStep":false}],"attachments":[],"parameters":[],"shouldDisplayMessage":false,"stepsCount":1,"attachmentsCount":0,"hasContent":true,"attachmentStep":false},{"name":"$(\"#subjectsInput\") set value(Math)","time":{"start":1717584222800,"stop":1717584223867,"duration":1067},"status":"passed","steps":[{"name":"$(\"#subjectsInput\") set value(Math)","time":{"start":1717584222800,"stop":1717584223867,"duration":1067},"status":"passed","steps":[],"attachments":[],"parameters":[],"shouldDisplayMessage":false,"stepsCount":0,"attachmentsCount":0,"hasContent":false,"attachmentStep":false}],"attachments":[],"parameters":[],"shouldDisplayMessage":false,"stepsCount":1,"attachmentsCount":0,"hasContent":true,"attachmentStep":false},{"name":"$(\"#subjectsInput\") press enter()","time":{"start":1717584223867,"stop":1717584224392,"duration":525},"status":"passed","steps":[{"name":"$(\"#subjectsInput\") press enter()","time":{"start":1717584223867,"stop":1717584224392,"duration":525},"status":"passed","steps":[],"attachments":[],"parameters":[],"shouldDisplayMessage":false,"stepsCount":0,"attachmentsCount":0,"hasContent":false,"attachmentStep":false}],"attachments":[],"parameters":[],"shouldDisplayMessage":false,"stepsCount":1,"attachmentsCount":0,"hasContent":true,"attachmentStep":false},{"name":"$(\"#hobbiesWrapper/by text: Music\") click()","time":{"start":1717584224392,"stop":1717584225259,"duration":867},"status":"passed","steps":[{"name":"$(\"#hobbiesWrapper/by text: Music\") click()","time":{"start":1717584224392,"stop":1717584225259,"duration":867},"status":"passed","steps":[],"attachments":[],"parameters":[],"shouldDisplayMessage":false,"stepsCount":0,"attachmentsCount":0,"hasContent":false,"attachmentStep":false}],"attachments":[],"parameters":[],"shouldDisplayMessage":false,"stepsCount":1,"attachmentsCount":0,"hasContent":true,"attachmentStep":false},{"name":"$(\"#uploadPicture\") upload file(src/test/java/Resourses/1653613466_10-funart-pro-p-krisa-za-kompom-krasivo-foto-10.jpg)","time":{"start":1717584225259,"stop":1717584227009,"duration":1750},"status":"passed","steps":[{"name":"$(\"#uploadPicture\") upload file(src/test/java/Resourses/1653613466_10-funart-pro-p-krisa-za-kompom-krasivo-foto-10.jpg)","time":{"start":1717584225259,"stop":1717584227009,"duration":1750},"status":"passed","steps":[],"attachments":[],"parameters":[],"shouldDisplayMessage":false,"stepsCount":0,"attachmentsCount":0,"hasContent":false,"attachmentStep":false}],"attachments":[],"parameters":[],"shouldDisplayMessage":false,"stepsCount":1,"attachmentsCount":0,"hasContent":true,"attachmentStep":false},{"name":"$(\"#currentAddress\") set value(946 Murphy Heights, East Arnoldo, DE 63178)","time":{"start":1717584227009,"stop":1717584228089,"duration":1080},"status":"passed","steps":[{"name":"$(\"#currentAddress\") set value(946 Murphy Heights, East Arnoldo, DE 63178)","time":{"start":1717584227010,"stop":1717584228089,"duration":1079},"status":"passed","steps":[],"attachments":[],"parameters":[],"shouldDisplayMessage":false,"stepsCount":0,"attachmentsCount":0,"hasContent":false,"attachmentStep":false}],"attachments":[],"parameters":[],"shouldDisplayMessage":false,"stepsCount":1,"attachmentsCount":0,"hasContent":true,"attachmentStep":false},{"name":"$(\"by text: Select State\") click()","time":{"start":1717584228090,"stop":1717584228805,"duration":715},"status":"passed","steps":[{"name":"$(\"by text: Select State\") click()","time":{"start":1717584228090,"stop":1717584228805,"duration":715},"status":"passed","steps":[],"attachments":[],"parameters":[],"shouldDisplayMessage":false,"stepsCount":0,"attachmentsCount":0,"hasContent":false,"attachmentStep":false}],"attachments":[],"parameters":[],"shouldDisplayMessage":false,"stepsCount":1,"attachmentsCount":0,"hasContent":true,"attachmentStep":false},{"name":"$(\"#stateCity-wrapper/by text: Haryana\") click()","time":{"start":1717584228806,"stop":1717584236001,"duration":7195},"status":"failed","statusMessage":"Invalid element state [#stateCity-wrapper/by text: Haryana]: element click intercepted: Element <div class=\" css-yt9ioa-option\" id=\"react-select-3-option-2\" tabindex=\"-1\">...</div> is not clickable at point (870, 923). Other element would receive the click: <iframe id=\"google_ads_iframe_/21849154601,22343295815/Ad.Plus-300x250_1\" name=\"google_ads_iframe_/21849154601,22343295815/Ad.Plus-300x250_1\" title=\"3rd party ad content\" width=\"1005\" height=\"124\" scrolling=\"no\" marginwidth=\"0\" marginheight=\"0\" frameborder=\"0\" aria-label=\"Advertisement\" tabindex=\"0\" data-load-complete=\"true\" data-google-container-id=\"6\" style=\"border: 0px; vertical-align: bottom; max-height: 30vh !important; overflow: hidden !important; display: block; margin: 0px auto;\"></iframe>\nScreenshot: file:/home/runner/work/qa_guru_HW3.3/qa_guru_HW3.3/build/reports/tests/1717584232986.1.png\nPage source: file:/home/runner/work/qa_guru_HW3.3/qa_guru_HW3.3/build/reports/tests/1717584232986.1.html\nTimeout: 4 s.\nCaused by: ElementClickInterceptedException: element click intercepted: Element <div class=\" css-yt9ioa-option\" id=\"react-select-3-option-2\" tabindex=\"-1\">...</div> is not clickable at point (870, 923). Other element would receive the click: <iframe id=\"google_ads_iframe_/21849154601,22343295815/Ad.Plus-300x250_1\" name=\"google_ads_iframe_/21849154601,22343295815/Ad.Plus-300x250_1\" title=\"3rd party ad content\" width=\"1005\" height=\"124\" scrolling=\"no\" marginwidth=\"0\" marginheight=\"0\" frameborder=\"0\" aria-label=\"Advertisement\" tabindex=\"0\" data-load-complete=\"true\" data-google-container-id=\"6\" style=\"border: 0px; vertical-align: bottom; max-height: 30vh !important; overflow: hidden !important; display: block; margin: 0px auto;\"></iframe>","statusTrace":"Invalid element state [#stateCity-wrapper/by text: Haryana]: element click intercepted: Element <div class=\" css-yt9ioa-option\" id=\"react-select-3-option-2\" tabindex=\"-1\">...</div> is not clickable at point (870, 923). Other element would receive the click: <iframe id=\"google_ads_iframe_/21849154601,22343295815/Ad.Plus-300x250_1\" name=\"google_ads_iframe_/21849154601,22343295815/Ad.Plus-300x250_1\" title=\"3rd party ad content\" width=\"1005\" height=\"124\" scrolling=\"no\" marginwidth=\"0\" marginheight=\"0\" frameborder=\"0\" aria-label=\"Advertisement\" tabindex=\"0\" data-load-complete=\"true\" data-google-container-id=\"6\" style=\"border: 0px; vertical-align: bottom; max-height: 30vh !important; overflow: hidden !important; display: block; margin: 0px auto;\"></iframe>\nScreenshot: file:/home/runner/work/qa_guru_HW3.3/qa_guru_HW3.3/build/reports/tests/1717584232986.1.png\nPage source: file:/home/runner/work/qa_guru_HW3.3/qa_guru_HW3.3/build/reports/tests/1717584232986.1.html\nTimeout: 4 s.\nCaused by: ElementClickInterceptedException: element click intercepted: Element <div class=\" css-yt9ioa-option\" id=\"react-select-3-option-2\" tabindex=\"-1\">...</div> is not clickable at point (870, 923). Other element would receive the click: <iframe id=\"google_ads_iframe_/21849154601,22343295815/Ad.Plus-300x250_1\" name=\"google_ads_iframe_/21849154601,22343295815/Ad.Plus-300x250_1\" title=\"3rd party ad content\" width=\"1005\" height=\"124\" scrolling=\"no\" marginwidth=\"0\" marginheight=\"0\" frameborder=\"0\" aria-label=\"Advertisement\" tabindex=\"0\" data-load-complete=\"true\" data-google-container-id=\"6\" style=\"border: 0px; vertical-align: bottom; max-height: 30vh !important; overflow: hidden !important; display: block; margin: 0px auto;\"></iframe>\n\tat com.codeborne.selenide.impl.ExceptionWrapper.wrap(ExceptionWrapper.java:26)\n\tat com.codeborne.selenide.impl.SelenideElementProxy.dispatchAndRetry(SelenideElementProxy.java:156)\n\tat com.codeborne.selenide.impl.SelenideElementProxy.invoke(SelenideElementProxy.java:86)\n\tat jdk.proxy3/jdk.proxy3.$Proxy19.click(Unknown Source)\n\tat pages.RegistrationPage.setState(RegistrationPage.java:87)\n\tat FillFormTestWithFakeData.successRegistrationTest(FillFormTestWithFakeData.java:50)\n\tat java.base/jdk.internal.reflect.NativeMethodAccessorImpl.invoke0(Native Method)\n\tat java.base/jdk.internal.reflect.NativeMethodAccessorImpl.invoke(NativeMethodAccessorImpl.java:77)\n\tat java.base/jdk.internal.reflect.DelegatingMethodAccessorImpl.invoke(DelegatingMethodAccessorImpl.java:43)\n\tat java.base/java.lang.reflect.Method.invoke(Method.java:568)\n\tat org.junit.platform.commons.util.ReflectionUtils.invokeMethod(ReflectionUtils.java:728)\n\tat org.junit.jupiter.engine.execution.MethodInvocation.proceed(MethodInvocation.java:60)\n\tat org.junit.jupiter.engine.execution.InvocationInterceptorChain$ValidatingInvocation.proceed(InvocationInterceptorChain.java:131)\n\tat org.junit.jupiter.api.extension.InvocationInterceptor.interceptTestMethod(InvocationInterceptor.java:119)\n\tat org.junit.jupiter.engine.execution.InterceptingExecutableInvoker$ReflectiveInterceptorCall.lambda$ofVoidMethod$0(InterceptingExecutableInvoker.java:103)\n\tat org.junit.jupiter.engine.execution.InterceptingExecutableInvoker.lambda$invoke$0(InterceptingExecutableInvoker.java:93)\n\tat org.junit.jupiter.engine.execution.InvocationInterceptorChain$InterceptedInvocation.proceed(InvocationInterceptorChain.java:106)\n\tat org.junit.jupiter.engine.extension.TimeoutExtension.intercept(TimeoutExtension.java:156)\n\tat org.junit.jupiter.engine.extension.TimeoutExtension.interceptTestableMethod(TimeoutExtension.java:147)\n\tat org.junit.jupiter.engine.extension.TimeoutExtension.interceptTestMethod(TimeoutExtension.java:86)\n\tat org.junit.jupiter.engine.execution.InterceptingExecutableInvoker$ReflectiveInterceptorCall.lambda$ofVoidMethod$0(InterceptingExecutableInvoker.java:103)\n\tat org.junit.jupiter.engine.execution.InterceptingExecutableInvoker.lambda$invoke$0(InterceptingExecutableInvoker.java:93)\n\tat org.junit.jupiter.engine.execution.InvocationInterceptorChain$InterceptedInvocation.proceed(InvocationInterceptorChain.java:106)\n\tat org.junit.jupiter.engine.execution.InvocationInterceptorChain.proceed(InvocationInterceptorChain.java:64)\n\tat org.junit.jupiter.engine.execution.InvocationInterceptorChain.chainAndInvoke(InvocationInterceptorChain.java:45)\n\tat org.junit.jupiter.engine.execution.InvocationInterceptorChain.invoke(InvocationInterceptorChain.java:37)\n\tat org.junit.jupiter.engine.execution.InterceptingExecutableInvoker.invoke(InterceptingExecutableInvoker.java:92)\n\tat org.junit.jupiter.engine.execution.InterceptingExecutableInvoker.invoke(InterceptingExecutableInvoker.java:86)\n\tat org.junit.jupiter.engine.descriptor.TestMethodTestDescriptor.lambda$invokeTestMethod$7(TestMethodTestDescriptor.java:218)\n\tat org.junit.platform.engine.support.hierarchical.ThrowableCollector.execute(ThrowableCollector.java:73)\n\tat org.junit.jupiter.engine.descriptor.TestMethodTestDescriptor.invokeTestMethod(TestMethodTestDescriptor.java:214)\n\tat org.junit.jupiter.engine.descriptor.TestMethodTestDescriptor.execute(TestMethodTestDescriptor.java:139)\n\tat org.junit.jupiter.engine.descriptor.TestMethodTestDescriptor.execute(TestMethodTestDescriptor.java:69)\n\tat org.junit.platform.engine.support.hierarchical.NodeTestTask.lambda$executeRecursively$6(NodeTestTask.java:151)\n\tat org.junit.platform.engine.support.hierarchical.ThrowableCollector.execute(ThrowableCollector.java:73)\n\tat org.junit.platform.engine.support.hierarchical.NodeTestTask.lambda$executeRecursively$8(NodeTestTask.java:141)\n\tat org.junit.platform.engine.support.hierarchical.Node.around(Node.java:137)\n\tat org.junit.platform.engine.support.hierarchical.NodeTestTask.lambda$executeRecursively$9(NodeTestTask.java:139)\n\tat org.junit.platform.engine.support.hierarchical.ThrowableCollector.execute(ThrowableCollector.java:73)\n\tat org.junit.platform.engine.support.hierarchical.NodeTestTask.executeRecursively(NodeTestTask.java:138)\n\tat org.junit.platform.engine.support.hierarchical.NodeTestTask.execute(NodeTestTask.java:95)\n\tat java.base/java.util.ArrayList.forEach(ArrayList.java:1511)\n\tat org.junit.platform.engine.support.hierarchical.SameThreadHierarchicalTestExecutorService.invokeAll(SameThreadHierarchicalTestExecutorService.java:41)\n\tat org.junit.platform.engine.support.hierarchical.NodeTestTask.lambda$executeRecursively$6(NodeTestTask.java:155)\n\tat org.junit.platform.engine.support.hierarchical.ThrowableCollector.execute(ThrowableCollector.java:73)\n\tat org.junit.platform.engine.support.hierarchical.NodeTestTask.lambda$executeRecursively$8(NodeTestTask.java:141)\n\tat org.junit.platform.engine.support.hierarchical.Node.around(Node.java:137)\n\tat org.junit.platform.engine.support.hierarchical.NodeTestTask.lambda$executeRecursively$9(NodeTestTask.java:139)\n\tat org.junit.platform.engine.support.hierarchical.ThrowableCollector.execute(ThrowableCollector.java:73)\n\tat org.junit.platform.engine.support.hierarchical.NodeTestTask.executeRecursively(NodeTestTask.java:138)\n\tat org.junit.platform.engine.support.hierarchical.NodeTestTask.execute(NodeTestTask.java:95)\n\tat java.base/java.util.ArrayList.forEach(ArrayList.java:1511)\n\tat org.junit.platform.engine.support.hierarchical.SameThreadHierarchicalTestExecutorService.invokeAll(SameThreadHierarchicalTestExecutorService.java:41)\n\tat org.junit.platform.engine.support.hierarchical.NodeTestTask.lambda$executeRecursively$6(NodeTestTask.java:155)\n\tat org.junit.platform.engine.support.hierarchical.ThrowableCollector.execute(ThrowableCollector.java:73)\n\tat org.junit.platform.engine.support.hierarchical.NodeTestTask.lambda$executeRecursively$8(NodeTestTask.java:141)\n\tat org.junit.platform.engine.support.hierarchical.Node.around(Node.java:137)\n\tat org.junit.platform.engine.support.hierarchical.NodeTestTask.lambda$executeRecursively$9(NodeTestTask.java:139)\n\tat org.junit.platform.engine.support.hierarchical.ThrowableCollector.execute(ThrowableCollector.java:73)\n\tat org.junit.platform.engine.support.hierarchical.NodeTestTask.executeRecursively(NodeTestTask.java:138)\n\tat org.junit.platform.engine.support.hierarchical.NodeTestTask.execute(NodeTestTask.java:95)\n\tat org.junit.platform.engine.support.hierarchical.SameThreadHierarchicalTestExecutorService.submit(SameThreadHierarchicalTestExecutorService.java:35)\n\tat org.junit.platform.engine.support.hierarchical.HierarchicalTestExecutor.execute(HierarchicalTestExecutor.java:57)\n\tat org.junit.platform.engine.support.hierarchical.HierarchicalTestEngine.execute(HierarchicalTestEngine.java:54)\n\tat org.junit.platform.launcher.core.EngineExecutionOrchestrator.execute(EngineExecutionOrchestrator.java:198)\n\tat org.junit.platform.launcher.core.EngineExecutionOrchestrator.execute(EngineExecutionOrchestrator.java:169)\n\tat org.junit.platform.launcher.core.EngineExecutionOrchestrator.execute(EngineExecutionOrchestrator.java:93)\n\tat org.junit.platform.launcher.core.EngineExecutionOrchestrator.lambda$execute$0(EngineExecutionOrchestrator.java:58)\n\tat org.junit.platform.launcher.core.EngineExecutionOrchestrator.withInterceptedStreams(EngineExecutionOrchestrator.java:141)\n\tat org.junit.platform.launcher.core.EngineExecutionOrchestrator.execute(EngineExecutionOrchestrator.java:57)\n\tat org.junit.platform.launcher.core.DefaultLauncher.execute(DefaultLauncher.java:103)\n\tat org.junit.platform.launcher.core.DefaultLauncher.execute(DefaultLauncher.java:85)\n\tat org.junit.platform.launcher.core.DelegatingLauncher.execute(DelegatingLauncher.java:47)\n\tat org.gradle.api.internal.tasks.testing.junitplatform.JUnitPlatformTestClassProcessor$CollectAllTestClassesExecutor.processAllTestClasses(JUnitPlatformTestClassProcessor.java:119)\n\tat org.gradle.api.internal.tasks.testing.junitplatform.JUnitPlatformTestClassProcessor$CollectAllTestClassesExecutor.access$000(JUnitPlatformTestClassProcessor.java:94)\n\tat org.gradle.api.internal.tasks.testing.junitplatform.JUnitPlatformTestClassProcessor.stop(JUnitPlatformTestClassProcessor.java:89)\n\tat org.gradle.api.internal.tasks.testing.SuiteTestClassProcessor.stop(SuiteTestClassProcessor.java:62)\n\tat java.base/jdk.internal.reflect.NativeMethodAccessorImpl.invoke0(Native Method)\n\tat java.base/jdk.internal.reflect.NativeMethodAccessorImpl.invoke(NativeMethodAccessorImpl.java:77)\n\tat java.base/jdk.internal.reflect.DelegatingMethodAccessorImpl.invoke(DelegatingMethodAccessorImpl.java:43)\n\tat java.base/java.lang.reflect.Method.invoke(Method.java:568)\n\tat org.gradle.internal.dispatch.ReflectionDispatch.dispatch(ReflectionDispatch.java:36)\n\tat org.gradle.internal.dispatch.ReflectionDispatch.dispatch(ReflectionDispatch.java:24)\n\tat org.gradle.internal.dispatch.ContextClassLoaderDispatch.dispatch(ContextClassLoaderDispatch.java:33)\n\tat org.gradle.internal.dispatch.ProxyDispatchAdapter$DispatchingInvocationHandler.invoke(ProxyDispatchAdapter.java:94)\n\tat jdk.proxy1/jdk.proxy1.$Proxy2.stop(Unknown Source)\n\tat org.gradle.api.internal.tasks.testing.worker.TestWorker$3.run(TestWorker.java:193)\n\tat org.gradle.api.internal.tasks.testing.worker.TestWorker.executeAndMaintainThreadName(TestWorker.java:129)\n\tat org.gradle.api.internal.tasks.testing.worker.TestWorker.execute(TestWorker.java:100)\n\tat org.gradle.api.internal.tasks.testing.worker.TestWorker.execute(TestWorker.java:60)\n\tat org.gradle.process.internal.worker.child.ActionExecutionWorker.execute(ActionExecutionWorker.java:56)\n\tat org.gradle.process.internal.worker.child.SystemApplicationClassLoaderWorker.call(SystemApplicationClassLoaderWorker.java:113)\n\tat org.gradle.process.internal.worker.child.SystemApplicationClassLoaderWorker.call(SystemApplicationClassLoaderWorker.java:65)\n\tat worker.org.gradle.process.internal.worker.GradleWorkerMain.run(GradleWorkerMain.java:69)\n\tat worker.org.gradle.process.internal.worker.GradleWorkerMain.main(GradleWorkerMain.java:74)\nCaused by: org.openqa.selenium.ElementClickInterceptedException: element click intercepted: Element <div class=\" css-yt9ioa-option\" id=\"react-select-3-option-2\" tabindex=\"-1\">...</div> is not clickable at point (870, 923). Other element would receive the click: <iframe id=\"google_ads_iframe_/21849154601,22343295815/Ad.Plus-300x250_1\" name=\"google_ads_iframe_/21849154601,22343295815/Ad.Plus-300x250_1\" title=\"3rd party ad content\" width=\"1005\" height=\"124\" scrolling=\"no\" marginwidth=\"0\" marginheight=\"0\" frameborder=\"0\" aria-label=\"Advertisement\" tabindex=\"0\" data-load-complete=\"true\" data-google-container-id=\"6\" style=\"border: 0px; vertical-align: bottom; max-height: 30vh !important; overflow: hidden !important; display: block; margin: 0px auto;\"></iframe>\n  (Session info: chrome=100.0.4896.60)\nBuild info: version: '4.21.0', revision: '79ed462ef4'\nSystem info: os.name: 'Linux', os.arch: 'amd64', os.version: '6.5.0-1021-azure', java.version: '17.0.11'\nDriver info: org.openqa.selenium.remote.RemoteWebDriver\nCommand: [c80c99479cffd98a78fa4f3a57d6816f, clickElement {id=6904113d-cdbd-43f8-a090-7bbda721d61b}]\nCapabilities {acceptInsecureCerts: true, browserName: chrome, browserVersion: 100.0.4896.60, chrome: {chromedriverVersion: 100.0.4896.20 (f9d71f93d32a..., userDataDir: /tmp/.com.google.Chrome.q2GUWP}, goog:chromeOptions: {debuggerAddress: localhost:32773}, networkConnectionEnabled: false, pageLoadStrategy: normal, platformName: linux, proxy: Proxy(), se:cdp: ws://selenoid.autotests.clo..., setWindowRect: true, strictFileInteractability: false, timeouts: {implicit: 0, pageLoad: 300000, script: 30000}, unhandledPromptBehavior: accept, webauthn:extension:credBlob: true, webauthn:extension:largeBlob: true, webauthn:virtualAuthenticators: true}\nElement: [[[[RemoteWebDriver: chrome on linux (c80c99479cffd98a78fa4f3a57d6816f)] -> css selector: #stateCity-wrapper]] -> xpath: .//*/text()[normalize-space(translate(string(.), '\t\n\r ', '    ')) = \"Haryana\"]/parent::*]\nSession ID: c80c99479cffd98a78fa4f3a57d6816f\n\tat java.base/jdk.internal.reflect.NativeConstructorAccessorImpl.newInstance0(Native Method)\n\tat java.base/jdk.internal.reflect.NativeConstructorAccessorImpl.newInstance(NativeConstructorAccessorImpl.java:77)\n\tat java.base/jdk.internal.reflect.DelegatingConstructorAccessorImpl.newInstance(DelegatingConstructorAccessorImpl.java:45)\n\tat java.base/java.lang.reflect.Constructor.newInstanceWithCaller(Constructor.java:499)\n\tat java.base/java.lang.reflect.Constructor.newInstance(Constructor.java:480)\n\tat org.openqa.selenium.remote.ErrorCodec.decode(ErrorCodec.java:167)\n\tat org.openqa.selenium.remote.codec.w3c.W3CHttpResponseCodec.decode(W3CHttpResponseCodec.java:138)\n\tat org.openqa.selenium.remote.codec.w3c.W3CHttpResponseCodec.decode(W3CHttpResponseCodec.java:50)\n\tat org.openqa.selenium.remote.HttpCommandExecutor.execute(HttpCommandExecutor.java:190)\n\tat org.openqa.selenium.remote.RemoteWebDriver.execute(RemoteWebDriver.java:518)\n\tat org.openqa.selenium.remote.RemoteWebElement.execute(RemoteWebElement.java:223)\n\tat org.openqa.selenium.remote.RemoteWebElement.click(RemoteWebElement.java:76)\n\tat com.codeborne.selenide.commands.Click.defaultClick(Click.java:106)\n\tat com.codeborne.selenide.commands.Click.doClick(Click.java:83)\n\tat com.codeborne.selenide.commands.Click.click(Click.java:59)\n\tat com.codeborne.selenide.commands.Click.execute(Click.java:34)\n\tat com.codeborne.selenide.commands.Click.execute(Click.java:26)\n\tat com.codeborne.selenide.commands.Commands.execute(Commands.java:162)\n\tat com.codeborne.selenide.impl.SelenideElementProxy.dispatchAndRetry(SelenideElementProxy.java:134)\n\t... 93 more\n","steps":[{"name":"$(\"#stateCity-wrapper/by text: Haryana\") click()","time":{"start":1717584228806,"stop":1717584235265,"duration":6459},"status":"failed","statusMessage":"Invalid element state [#stateCity-wrapper/by text: Haryana]: element click intercepted: Element <div class=\" css-yt9ioa-option\" id=\"react-select-3-option-2\" tabindex=\"-1\">...</div> is not clickable at point (870, 923). Other element would receive the click: <iframe id=\"google_ads_iframe_/21849154601,22343295815/Ad.Plus-300x250_1\" name=\"google_ads_iframe_/21849154601,22343295815/Ad.Plus-300x250_1\" title=\"3rd party ad content\" width=\"1005\" height=\"124\" scrolling=\"no\" marginwidth=\"0\" marginheight=\"0\" frameborder=\"0\" aria-label=\"Advertisement\" tabindex=\"0\" data-load-complete=\"true\" data-google-container-id=\"6\" style=\"border: 0px; vertical-align: bottom; max-height: 30vh !important; overflow: hidden !important; display: block; margin: 0px auto;\"></iframe>\nScreenshot: file:/home/runner/work/qa_guru_HW3.3/qa_guru_HW3.3/build/reports/tests/1717584232986.1.png\nPage source: file:/home/runner/work/qa_guru_HW3.3/qa_guru_HW3.3/build/reports/tests/1717584232986.1.html\nTimeout: 4 s.\nCaused by: ElementClickInterceptedException: element click intercepted: Element <div class=\" css-yt9ioa-option\" id=\"react-select-3-option-2\" tabindex=\"-1\">...</div> is not clickable at point (870, 923). Other element would receive the click: <iframe id=\"google_ads_iframe_/21849154601,22343295815/Ad.Plus-300x250_1\" name=\"google_ads_iframe_/21849154601,22343295815/Ad.Plus-300x250_1\" title=\"3rd party ad content\" width=\"1005\" height=\"124\" scrolling=\"no\" marginwidth=\"0\" marginheight=\"0\" frameborder=\"0\" aria-label=\"Advertisement\" tabindex=\"0\" data-load-complete=\"true\" data-google-container-id=\"6\" style=\"border: 0px; vertical-align: bottom; max-height: 30vh !important; overflow: hidden !important; display: block; margin: 0px auto;\"></iframe>","statusTrace":"Invalid element state [#stateCity-wrapper/by text: Haryana]: element click intercepted: Element <div class=\" css-yt9ioa-option\" id=\"react-select-3-option-2\" tabindex=\"-1\">...</div> is not clickable at point (870, 923). Other element would receive the click: <iframe id=\"google_ads_iframe_/21849154601,22343295815/Ad.Plus-300x250_1\" name=\"google_ads_iframe_/21849154601,22343295815/Ad.Plus-300x250_1\" title=\"3rd party ad content\" width=\"1005\" height=\"124\" scrolling=\"no\" marginwidth=\"0\" marginheight=\"0\" frameborder=\"0\" aria-label=\"Advertisement\" tabindex=\"0\" data-load-complete=\"true\" data-google-container-id=\"6\" style=\"border: 0px; vertical-align: bottom; max-height: 30vh !important; overflow: hidden !important; display: block; margin: 0px auto;\"></iframe>\nScreenshot: file:/home/runner/work/qa_guru_HW3.3/qa_guru_HW3.3/build/reports/tests/1717584232986.1.png\nPage source: file:/home/runner/work/qa_guru_HW3.3/qa_guru_HW3.3/build/reports/tests/1717584232986.1.html\nTimeout: 4 s.\nCaused by: ElementClickInterceptedException: element click intercepted: Element <div class=\" css-yt9ioa-option\" id=\"react-select-3-option-2\" tabindex=\"-1\">...</div> is not clickable at point (870, 923). Other element would receive the click: <iframe id=\"google_ads_iframe_/21849154601,22343295815/Ad.Plus-300x250_1\" name=\"google_ads_iframe_/21849154601,22343295815/Ad.Plus-300x250_1\" title=\"3rd party ad content\" width=\"1005\" height=\"124\" scrolling=\"no\" marginwidth=\"0\" marginheight=\"0\" frameborder=\"0\" aria-label=\"Advertisement\" tabindex=\"0\" data-load-complete=\"true\" data-google-container-id=\"6\" style=\"border: 0px; vertical-align: bottom; max-height: 30vh !important; overflow: hidden !important; display: block; margin: 0px auto;\"></iframe>\n\tat com.codeborne.selenide.impl.ExceptionWrapper.wrap(ExceptionWrapper.java:26)\n\tat com.codeborne.selenide.impl.SelenideElementProxy.dispatchAndRetry(SelenideElementProxy.java:156)\n\tat com.codeborne.selenide.impl.SelenideElementProxy.invoke(SelenideElementProxy.java:86)\n\tat jdk.proxy3/jdk.proxy3.$Proxy19.click(Unknown Source)\n\tat pages.RegistrationPage.setState(RegistrationPage.java:87)\n\tat FillFormTestWithFakeData.successRegistrationTest(FillFormTestWithFakeData.java:50)\n\tat java.base/jdk.internal.reflect.NativeMethodAccessorImpl.invoke0(Native Method)\n\tat java.base/jdk.internal.reflect.NativeMethodAccessorImpl.invoke(NativeMethodAccessorImpl.java:77)\n\tat java.base/jdk.internal.reflect.DelegatingMethodAccessorImpl.invoke(DelegatingMethodAccessorImpl.java:43)\n\tat java.base/java.lang.reflect.Method.invoke(Method.java:568)\n\tat org.junit.platform.commons.util.ReflectionUtils.invokeMethod(ReflectionUtils.java:728)\n\tat org.junit.jupiter.engine.execution.MethodInvocation.proceed(MethodInvocation.java:60)\n\tat org.junit.jupiter.engine.execution.InvocationInterceptorChain$ValidatingInvocation.proceed(InvocationInterceptorChain.java:131)\n\tat org.junit.jupiter.api.extension.InvocationInterceptor.interceptTestMethod(InvocationInterceptor.java:119)\n\tat org.junit.jupiter.engine.execution.InterceptingExecutableInvoker$ReflectiveInterceptorCall.lambda$ofVoidMethod$0(InterceptingExecutableInvoker.java:103)\n\tat org.junit.jupiter.engine.execution.InterceptingExecutableInvoker.lambda$invoke$0(InterceptingExecutableInvoker.java:93)\n\tat org.junit.jupiter.engine.execution.InvocationInterceptorChain$InterceptedInvocation.proceed(InvocationInterceptorChain.java:106)\n\tat org.junit.jupiter.engine.extension.TimeoutExtension.intercept(TimeoutExtension.java:156)\n\tat org.junit.jupiter.engine.extension.TimeoutExtension.interceptTestableMethod(TimeoutExtension.java:147)\n\tat org.junit.jupiter.engine.extension.TimeoutExtension.interceptTestMethod(TimeoutExtension.java:86)\n\tat org.junit.jupiter.engine.execution.InterceptingExecutableInvoker$ReflectiveInterceptorCall.lambda$ofVoidMethod$0(InterceptingExecutableInvoker.java:103)\n\tat org.junit.jupiter.engine.execution.InterceptingExecutableInvoker.lambda$invoke$0(InterceptingExecutableInvoker.java:93)\n\tat org.junit.jupiter.engine.execution.InvocationInterceptorChain$InterceptedInvocation.proceed(InvocationInterceptorChain.java:106)\n\tat org.junit.jupiter.engine.execution.InvocationInterceptorChain.proceed(InvocationInterceptorChain.java:64)\n\tat org.junit.jupiter.engine.execution.InvocationInterceptorChain.chainAndInvoke(InvocationInterceptorChain.java:45)\n\tat org.junit.jupiter.engine.execution.InvocationInterceptorChain.invoke(InvocationInterceptorChain.java:37)\n\tat org.junit.jupiter.engine.execution.InterceptingExecutableInvoker.invoke(InterceptingExecutableInvoker.java:92)\n\tat org.junit.jupiter.engine.execution.InterceptingExecutableInvoker.invoke(InterceptingExecutableInvoker.java:86)\n\tat org.junit.jupiter.engine.descriptor.TestMethodTestDescriptor.lambda$invokeTestMethod$7(TestMethodTestDescriptor.java:218)\n\tat org.junit.platform.engine.support.hierarchical.ThrowableCollector.execute(ThrowableCollector.java:73)\n\tat org.junit.jupiter.engine.descriptor.TestMethodTestDescriptor.invokeTestMethod(TestMethodTestDescriptor.java:214)\n\tat org.junit.jupiter.engine.descriptor.TestMethodTestDescriptor.execute(TestMethodTestDescriptor.java:139)\n\tat org.junit.jupiter.engine.descriptor.TestMethodTestDescriptor.execute(TestMethodTestDescriptor.java:69)\n\tat org.junit.platform.engine.support.hierarchical.NodeTestTask.lambda$executeRecursively$6(NodeTestTask.java:151)\n\tat org.junit.platform.engine.support.hierarchical.ThrowableCollector.execute(ThrowableCollector.java:73)\n\tat org.junit.platform.engine.support.hierarchical.NodeTestTask.lambda$executeRecursively$8(NodeTestTask.java:141)\n\tat org.junit.platform.engine.support.hierarchical.Node.around(Node.java:137)\n\tat org.junit.platform.engine.support.hierarchical.NodeTestTask.lambda$executeRecursively$9(NodeTestTask.java:139)\n\tat org.junit.platform.engine.support.hierarchical.ThrowableCollector.execute(ThrowableCollector.java:73)\n\tat org.junit.platform.engine.support.hierarchical.NodeTestTask.executeRecursively(NodeTestTask.java:138)\n\tat org.junit.platform.engine.support.hierarchical.NodeTestTask.execute(NodeTestTask.java:95)\n\tat java.base/java.util.ArrayList.forEach(ArrayList.java:1511)\n\tat org.junit.platform.engine.support.hierarchical.SameThreadHierarchicalTestExecutorService.invokeAll(SameThreadHierarchicalTestExecutorService.java:41)\n\tat org.junit.platform.engine.support.hierarchical.NodeTestTask.lambda$executeRecursively$6(NodeTestTask.java:155)\n\tat org.junit.platform.engine.support.hierarchical.ThrowableCollector.execute(ThrowableCollector.java:73)\n\tat org.junit.platform.engine.support.hierarchical.NodeTestTask.lambda$executeRecursively$8(NodeTestTask.java:141)\n\tat org.junit.platform.engine.support.hierarchical.Node.around(Node.java:137)\n\tat org.junit.platform.engine.support.hierarchical.NodeTestTask.lambda$executeRecursively$9(NodeTestTask.java:139)\n\tat org.junit.platform.engine.support.hierarchical.ThrowableCollector.execute(ThrowableCollector.java:73)\n\tat org.junit.platform.engine.support.hierarchical.NodeTestTask.executeRecursively(NodeTestTask.java:138)\n\tat org.junit.platform.engine.support.hierarchical.NodeTestTask.execute(NodeTestTask.java:95)\n\tat java.base/java.util.ArrayList.forEach(ArrayList.java:1511)\n\tat org.junit.platform.engine.support.hierarchical.SameThreadHierarchicalTestExecutorService.invokeAll(SameThreadHierarchicalTestExecutorService.java:41)\n\tat org.junit.platform.engine.support.hierarchical.NodeTestTask.lambda$executeRecursively$6(NodeTestTask.java:155)\n\tat org.junit.platform.engine.support.hierarchical.ThrowableCollector.execute(ThrowableCollector.java:73)\n\tat org.junit.platform.engine.support.hierarchical.NodeTestTask.lambda$executeRecursively$8(NodeTestTask.java:141)\n\tat org.junit.platform.engine.support.hierarchical.Node.around(Node.java:137)\n\tat org.junit.platform.engine.support.hierarchical.NodeTestTask.lambda$executeRecursively$9(NodeTestTask.java:139)\n\tat org.junit.platform.engine.support.hierarchical.ThrowableCollector.execute(ThrowableCollector.java:73)\n\tat org.junit.platform.engine.support.hierarchical.NodeTestTask.executeRecursively(NodeTestTask.java:138)\n\tat org.junit.platform.engine.support.hierarchical.NodeTestTask.execute(NodeTestTask.java:95)\n\tat org.junit.platform.engine.support.hierarchical.SameThreadHierarchicalTestExecutorService.submit(SameThreadHierarchicalTestExecutorService.java:35)\n\tat org.junit.platform.engine.support.hierarchical.HierarchicalTestExecutor.execute(HierarchicalTestExecutor.java:57)\n\tat org.junit.platform.engine.support.hierarchical.HierarchicalTestEngine.execute(HierarchicalTestEngine.java:54)\n\tat org.junit.platform.launcher.core.EngineExecutionOrchestrator.execute(EngineExecutionOrchestrator.java:198)\n\tat org.junit.platform.launcher.core.EngineExecutionOrchestrator.execute(EngineExecutionOrchestrator.java:169)\n\tat org.junit.platform.launcher.core.EngineExecutionOrchestrator.execute(EngineExecutionOrchestrator.java:93)\n\tat org.junit.platform.launcher.core.EngineExecutionOrchestrator.lambda$execute$0(EngineExecutionOrchestrator.java:58)\n\tat org.junit.platform.launcher.core.EngineExecutionOrchestrator.withInterceptedStreams(EngineExecutionOrchestrator.java:141)\n\tat org.junit.platform.launcher.core.EngineExecutionOrchestrator.execute(EngineExecutionOrchestrator.java:57)\n\tat org.junit.platform.launcher.core.DefaultLauncher.execute(DefaultLauncher.java:103)\n\tat org.junit.platform.launcher.core.DefaultLauncher.execute(DefaultLauncher.java:85)\n\tat org.junit.platform.launcher.core.DelegatingLauncher.execute(DelegatingLauncher.java:47)\n\tat org.gradle.api.internal.tasks.testing.junitplatform.JUnitPlatformTestClassProcessor$CollectAllTestClassesExecutor.processAllTestClasses(JUnitPlatformTestClassProcessor.java:119)\n\tat org.gradle.api.internal.tasks.testing.junitplatform.JUnitPlatformTestClassProcessor$CollectAllTestClassesExecutor.access$000(JUnitPlatformTestClassProcessor.java:94)\n\tat org.gradle.api.internal.tasks.testing.junitplatform.JUnitPlatformTestClassProcessor.stop(JUnitPlatformTestClassProcessor.java:89)\n\tat org.gradle.api.internal.tasks.testing.SuiteTestClassProcessor.stop(SuiteTestClassProcessor.java:62)\n\tat java.base/jdk.internal.reflect.NativeMethodAccessorImpl.invoke0(Native Method)\n\tat java.base/jdk.internal.reflect.NativeMethodAccessorImpl.invoke(NativeMethodAccessorImpl.java:77)\n\tat java.base/jdk.internal.reflect.DelegatingMethodAccessorImpl.invoke(DelegatingMethodAccessorImpl.java:43)\n\tat java.base/java.lang.reflect.Method.invoke(Method.java:568)\n\tat org.gradle.internal.dispatch.ReflectionDispatch.dispatch(ReflectionDispatch.java:36)\n\tat org.gradle.internal.dispatch.ReflectionDispatch.dispatch(ReflectionDispatch.java:24)\n\tat org.gradle.internal.dispatch.ContextClassLoaderDispatch.dispatch(ContextClassLoaderDispatch.java:33)\n\tat org.gradle.internal.dispatch.ProxyDispatchAdapter$DispatchingInvocationHandler.invoke(ProxyDispatchAdapter.java:94)\n\tat jdk.proxy1/jdk.proxy1.$Proxy2.stop(Unknown Source)\n\tat org.gradle.api.internal.tasks.testing.worker.TestWorker$3.run(TestWorker.java:193)\n\tat org.gradle.api.internal.tasks.testing.worker.TestWorker.executeAndMaintainThreadName(TestWorker.java:129)\n\tat org.gradle.api.internal.tasks.testing.worker.TestWorker.execute(TestWorker.java:100)\n\tat org.gradle.api.internal.tasks.testing.worker.TestWorker.execute(TestWorker.java:60)\n\tat org.gradle.process.internal.worker.child.ActionExecutionWorker.execute(ActionExecutionWorker.java:56)\n\tat org.gradle.process.internal.worker.child.SystemApplicationClassLoaderWorker.call(SystemApplicationClassLoaderWorker.java:113)\n\tat org.gradle.process.internal.worker.child.SystemApplicationClassLoaderWorker.call(SystemApplicationClassLoaderWorker.java:65)\n\tat worker.org.gradle.process.internal.worker.GradleWorkerMain.run(GradleWorkerMain.java:69)\n\tat worker.org.gradle.process.internal.worker.GradleWorkerMain.main(GradleWorkerMain.java:74)\nCaused by: org.openqa.selenium.ElementClickInterceptedException: element click intercepted: Element <div class=\" css-yt9ioa-option\" id=\"react-select-3-option-2\" tabindex=\"-1\">...</div> is not clickable at point (870, 923). Other element would receive the click: <iframe id=\"google_ads_iframe_/21849154601,22343295815/Ad.Plus-300x250_1\" name=\"google_ads_iframe_/21849154601,22343295815/Ad.Plus-300x250_1\" title=\"3rd party ad content\" width=\"1005\" height=\"124\" scrolling=\"no\" marginwidth=\"0\" marginheight=\"0\" frameborder=\"0\" aria-label=\"Advertisement\" tabindex=\"0\" data-load-complete=\"true\" data-google-container-id=\"6\" style=\"border: 0px; vertical-align: bottom; max-height: 30vh !important; overflow: hidden !important; display: block; margin: 0px auto;\"></iframe>\n  (Session info: chrome=100.0.4896.60)\nBuild info: version: '4.21.0', revision: '79ed462ef4'\nSystem info: os.name: 'Linux', os.arch: 'amd64', os.version: '6.5.0-1021-azure', java.version: '17.0.11'\nDriver info: org.openqa.selenium.remote.RemoteWebDriver\nCommand: [c80c99479cffd98a78fa4f3a57d6816f, clickElement {id=6904113d-cdbd-43f8-a090-7bbda721d61b}]\nCapabilities {acceptInsecureCerts: true, browserName: chrome, browserVersion: 100.0.4896.60, chrome: {chromedriverVersion: 100.0.4896.20 (f9d71f93d32a..., userDataDir: /tmp/.com.google.Chrome.q2GUWP}, goog:chromeOptions: {debuggerAddress: localhost:32773}, networkConnectionEnabled: false, pageLoadStrategy: normal, platformName: linux, proxy: Proxy(), se:cdp: ws://selenoid.autotests.clo..., setWindowRect: true, strictFileInteractability: false, timeouts: {implicit: 0, pageLoad: 300000, script: 30000}, unhandledPromptBehavior: accept, webauthn:extension:credBlob: true, webauthn:extension:largeBlob: true, webauthn:virtualAuthenticators: true}\nElement: [[[[RemoteWebDriver: chrome on linux (c80c99479cffd98a78fa4f3a57d6816f)] -> css selector: #stateCity-wrapper]] -> xpath: .//*/text()[normalize-space(translate(string(.), '\t\n\r ', '    ')) = \"Haryana\"]/parent::*]\nSession ID: c80c99479cffd98a78fa4f3a57d6816f\n\tat java.base/jdk.internal.reflect.NativeConstructorAccessorImpl.newInstance0(Native Method)\n\tat java.base/jdk.internal.reflect.NativeConstructorAccessorImpl.newInstance(NativeConstructorAccessorImpl.java:77)\n\tat java.base/jdk.internal.reflect.DelegatingConstructorAccessorImpl.newInstance(DelegatingConstructorAccessorImpl.java:45)\n\tat java.base/java.lang.reflect.Constructor.newInstanceWithCaller(Constructor.java:499)\n\tat java.base/java.lang.reflect.Constructor.newInstance(Constructor.java:480)\n\tat org.openqa.selenium.remote.ErrorCodec.decode(ErrorCodec.java:167)\n\tat org.openqa.selenium.remote.codec.w3c.W3CHttpResponseCodec.decode(W3CHttpResponseCodec.java:138)\n\tat org.openqa.selenium.remote.codec.w3c.W3CHttpResponseCodec.decode(W3CHttpResponseCodec.java:50)\n\tat org.openqa.selenium.remote.HttpCommandExecutor.execute(HttpCommandExecutor.java:190)\n\tat org.openqa.selenium.remote.RemoteWebDriver.execute(RemoteWebDriver.java:518)\n\tat org.openqa.selenium.remote.RemoteWebElement.execute(RemoteWebElement.java:223)\n\tat org.openqa.selenium.remote.RemoteWebElement.click(RemoteWebElement.java:76)\n\tat com.codeborne.selenide.commands.Click.defaultClick(Click.java:106)\n\tat com.codeborne.selenide.commands.Click.doClick(Click.java:83)\n\tat com.codeborne.selenide.commands.Click.click(Click.java:59)\n\tat com.codeborne.selenide.commands.Click.execute(Click.java:34)\n\tat com.codeborne.selenide.commands.Click.execute(Click.java:26)\n\tat com.codeborne.selenide.commands.Commands.execute(Commands.java:162)\n\tat com.codeborne.selenide.impl.SelenideElementProxy.dispatchAndRetry(SelenideElementProxy.java:134)\n\t... 93 more\n","steps":[],"attachments":[{"uid":"986539d218e54a97","name":"Screenshot","source":"986539d218e54a97.png","type":"image/png","size":626645},{"uid":"4dd58a011e29460a","name":"Page source","source":"4dd58a011e29460a.html","type":"text/html","size":50149}],"parameters":[],"shouldDisplayMessage":true,"stepsCount":0,"attachmentsCount":2,"hasContent":true,"attachmentStep":false}],"attachments":[{"uid":"3712ed6180628a8f","name":"Screenshot","source":"3712ed6180628a8f.png","type":"image/png","size":626645},{"uid":"253c24e801023e5d","name":"Page source","source":"253c24e801023e5d.html","type":"text/html","size":50149}],"parameters":[],"shouldDisplayMessage":false,"stepsCount":1,"attachmentsCount":4,"hasContent":true,"attachmentStep":false}],"attachments":[],"parameters":[],"shouldDisplayMessage":false,"stepsCount":36,"attachmentsCount":4,"hasContent":true,"attachmentStep":false},"afterStages":[{"name":"addAttachments","time":{"start":1717584236002,"stop":1717584236892,"duration":890},"status":"passed","steps":[],"attachments":[{"uid":"5adea414ea4b8ae5","name":"Last screenshot","source":"5adea414ea4b8ae5.png","type":"image/png","size":626696},{"uid":"1d62dc6d93a2a302","name":"Page source","source":"1d62dc6d93a2a302.html","type":"text/plain","size":50149},{"uid":"e789a77caf3ddcf3","name":"Browser console logs","source":"e789a77caf3ddcf3.txt","type":"text/plain","size":777},{"uid":"c78623ae4e643f0c","name":"Video","source":"c78623ae4e643f0c.html","type":"text/html","size":193}],"parameters":[],"shouldDisplayMessage":false,"stepsCount":0,"attachmentsCount":4,"hasContent":true,"attachmentStep":false}],"labels":[{"name":"junit.platform.uniqueid","value":"[engine:junit-jupiter]/[class:FillFormTestWithFakeData]/[method:successRegistrationTest()]"},{"name":"host","value":"fv-az1109-406"},{"name":"thread","value":"2624@fv-az1109-406.Test worker(1)"},{"name":"framework","value":"junit-platform"},{"name":"language","value":"java"},{"name":"package","value":"FillFormTestWithFakeData"},{"name":"testClass","value":"FillFormTestWithFakeData"},{"name":"testMethod","value":"successRegistrationTest"},{"name":"suite","value":"FillFormTestWithFakeData"},{"name":"resultFormat","value":"allure2"}],"parameters":[],"links":[],"hidden":false,"retry":false,"extra":{"severity":"normal","retries":[],"categories":[{"name":"Product defects","matchedStatuses":[],"flaky":false}],"history":{"statistic":{"failed":2,"broken":0,"skipped":0,"passed":4,"unknown":0,"total":6},"items":[{"uid":"3bd6156968f04e2a","reportUrl":"https://Kopibarius.github.io/qa_guru_HW3.3/15//#testresult/3bd6156968f04e2a","status":"passed","time":{"start":1717582468336,"stop":1717582487128,"duration":18792}},{"uid":"f6a8f367b93c3db4","reportUrl":"https://Kopibarius.github.io/qa_guru_HW3.3/14//#testresult/f6a8f367b93c3db4","status":"passed","time":{"start":1717580337527,"stop":1717580356506,"duration":18979}},{"uid":"1cf503409a2595f1","reportUrl":"https://Kopibarius.github.io/qa_guru_HW3.3/13//#testresult/1cf503409a2595f1","status":"passed","time":{"start":1717579658877,"stop":1717579677993,"duration":19116}},{"uid":"84dd5a15798310c8","reportUrl":"https://Kopibarius.github.io/qa_guru_HW3.3/12//#testresult/84dd5a15798310c8","status":"failed","statusDetails":"Element not found {.practice-form-wrapper}\nExpected: text \"Student Registration Form\"\nScreenshot: file:/home/runner/work/qa_guru_HW3.3/qa_guru_HW3.3/build/reports/tests/1717579143827.0.png\nPage source: file:/home/runner/work/qa_guru_HW3.3/qa_guru_HW3.3/build/reports/tests/1717579143827.0.html\nTimeout: 4 s.\nCaused by: NoSuchElementException: no such element: Unable to locate element: {\"method\":\"css selector\",\"selector\":\".practice-form-wrapper\"}","time":{"start":1717579139496,"stop":1717579145521,"duration":6025}},{"uid":"2f1df9e514a76ea","reportUrl":"https://Kopibarius.github.io/qa_guru_HW3.3/11//#testresult/2f1df9e514a76ea","status":"passed","time":{"start":1717541396524,"stop":1717541414647,"duration":18123}}]},"tags":[]},"source":"74753c203eb15783.json","parameterValues":[]}